<?xml version="1.0" encoding="UTF-8"?>
<testng-results skipped="0" failed="0" ignored="0" total="1" passed="1">
  <reporter-output>
  </reporter-output>
  <suite name="Suite" duration-ms="60" started-at="2017-07-27T09:57:44Z" finished-at="2017-07-27T09:57:44Z">
    <groups>
    </groups>
    <test name="Test" duration-ms="60" started-at="2017-07-27T09:57:44Z" finished-at="2017-07-27T09:57:44Z">
      <class name="com.learnMaven.selenium.FirstMavenonJenkins">
        <test-method status="PASS" signature="firstmethod()[pri:0, instance:com.learnMaven.selenium.FirstMavenonJenkins@cd8737]" name="firstmethod" duration-ms="15" started-at="2017-07-27T21:57:44Z" finished-at="2017-07-27T21:57:44Z">
          <reporter-output>
          </reporter-output>
        </test-method> <!-- firstmethod -->
      </class> <!-- com.learnMaven.selenium.FirstMavenonJenkins -->
    </test> <!-- Test -->
  </suite> <!-- Suite -->
</testng-results>
